Using pre-set license
Built from '2020.3/staging' branch; Version is '2020.3.16f1 (049d6eca3c44) revision 302446'; Using compiler version '192528614'; Build Type 'Release'
OS: 'Windows 10 Enterprise; OS build 19043.1165; Version 2009; 64bit' Language: 'en' Physical Memory: 8047 MB
BatchMode: 1, IsHumanControllingUs: 0, StartBugReporterOnCrash: 0, Is64bit: 1, IsPro: 0

 COMMAND LINE ARGUMENTS:
T:\Unity Editor\2020.3.16f1\Editor\Unity.exe
-adb2
-batchMode
-noUpm
-name
AssetImportWorker2
-projectPath
C:/Users/tangc/OneDrive/Desktop/ProjectGame/GameJame_Bug
-logFile
Logs/AssetImportWorker2.log
-srvPort
56804
Successfully changed project path to: C:/Users/tangc/OneDrive/Desktop/ProjectGame/GameJame_Bug
C:/Users/tangc/OneDrive/Desktop/ProjectGame/GameJame_Bug
Using Asset Import Pipeline V2.
Refreshing native plugins compatible for Editor in 77.99 ms, found 3 plugins.
Preloading 0 native plugins for Editor in 0.00 ms.
Initialize engine version: 2020.3.16f1 (049d6eca3c44)
[Subsystems] Discovering subsystems at path T:/Unity Editor/2020.3.16f1/Editor/Data/Resources/UnitySubsystems
[Subsystems] Discovering subsystems at path C:/Users/tangc/OneDrive/Desktop/ProjectGame/GameJame_Bug/Assets
GfxDevice: creating device client; threaded=0
Direct3D:
    Version:  Direct3D 11.0 [level 11.0]
    Renderer: Intel(R) HD Graphics 4000 (ID=0x166)
    Vendor:   
    VRAM:     128 MB
    Driver:   10.18.10.5161
Initialize mono
Mono path[0] = 'T:/Unity Editor/2020.3.16f1/Editor/Data/Managed'
Mono path[1] = 'T:/Unity Editor/2020.3.16f1/Editor/Data/MonoBleedingEdge/lib/mono/unityjit'
Mono config path = 'T:/Unity Editor/2020.3.16f1/Editor/Data/MonoBleedingEdge/etc'
Using monoOptions --debugger-agent=transport=dt_socket,embedding=1,server=y,suspend=n,address=127.0.0.1:56460
Begin MonoManager ReloadAssembly
Registering precompiled unity dll's ...
Register platform support module: T:/Unity Editor/2020.3.16f1/Editor/Data/PlaybackEngines/WebGLSupport/UnityEditor.WebGL.Extensions.dll
Register platform support module: T:/Unity Editor/2020.3.16f1/Editor/Data/PlaybackEngines/WindowsStandaloneSupport/UnityEditor.WindowsStandalone.Extensions.dll
Registered in 0.010490 seconds.
Native extension for WindowsStandalone target not found
Native extension for WebGL target not found
Refreshing native plugins compatible for Editor in 151.25 ms, found 3 plugins.
Preloading 0 native plugins for Editor in 0.00 ms.
Mono: successfully reloaded assembly
- Completed reload, in  4.224 seconds
Domain Reload Profiling:
	ReloadAssembly (4224ms)
		BeginReloadAssembly (136ms)
			ExecutionOrderSort (0ms)
			DisableScriptedObjects (0ms)
			BackupInstance (0ms)
			ReleaseScriptingObjects (0ms)
			CreateAndSetChildDomain (1ms)
		EndReloadAssembly (1014ms)
			LoadAssemblies (135ms)
			RebuildTransferFunctionScriptingTraits (0ms)
			SetupTypeCache (324ms)
			ReleaseScriptCaches (0ms)
			RebuildScriptCaches (95ms)
			SetupLoadedEditorAssemblies (430ms)
				LogAssemblyErrors (0ms)
				InitializePlatformSupportModulesInManaged (18ms)
				SetLoadedEditorAssemblies (0ms)
				RefreshPlugins (151ms)
				BeforeProcessingInitializeOnLoad (24ms)
				ProcessInitializeOnLoadAttributes (175ms)
				ProcessInitializeOnLoadMethodAttributes (61ms)
				AfterProcessingInitializeOnLoad (0ms)
				EditorAssembliesLoaded (0ms)
			ExecutionOrderSort2 (0ms)
			AwakeInstancesAfterBackupRestoration (0ms)
Platform modules already initialized, skipping
Registering precompiled user dll's ...
Registered in 0.008093 seconds.
Begin MonoManager ReloadAssembly
Native extension for WindowsStandalone target not found
Native extension for WebGL target not found
Refreshing native plugins compatible for Editor in 71.39 ms, found 3 plugins.
Preloading 0 native plugins for Editor in 0.00 ms.
[VSCode] Code executable in 'C:\Program Files (x86)\Microsoft VS Code\bin\code.cmd' not found. Check yourVisual Studio Code installation and insert the correct path in the Preferences menu.
UnityEngine.StackTraceUtility:ExtractStackTrace ()
UnityEngine.DebugLogHandler:LogFormat (UnityEngine.LogType,UnityEngine.Object,string,object[])
UnityEngine.Logger:Log (UnityEngine.LogType,object)
UnityEngine.Debug:LogError (object)
dotBunny.Unity.VSCode:PrintNotFound (string) (at Assets/VSCode/Plugins/Editor/VSCode.cs:737)
dotBunny.Unity.VSCode:AutodetectCodePath () (at Assets/VSCode/Plugins/Editor/VSCode.cs:405)
dotBunny.Unity.VSCode:get_CodePath () (at Assets/VSCode/Plugins/Editor/VSCode.cs:51)
dotBunny.Unity.VSCode:UpdateUnityPreferences (bool) (at Assets/VSCode/Plugins/Editor/VSCode.cs:1105)
dotBunny.Unity.VSCode:.cctor () (at Assets/VSCode/Plugins/Editor/VSCode.cs:288)
System.Runtime.CompilerServices.RuntimeHelpers:RunClassConstructor (System.RuntimeTypeHandle)
UnityEditor.EditorAssemblies:ProcessInitializeOnLoadAttributes (System.Type[])

(Filename: Assets/VSCode/Plugins/Editor/VSCode.cs Line: 737)

[VSCode] Code executable in 'C:\Program Files (x86)\Microsoft VS Code\bin\code.cmd' not found. Check yourVisual Studio Code installation and insert the correct path in the Preferences menu.
UnityEngine.StackTraceUtility:ExtractStackTrace ()
UnityEngine.DebugLogHandler:LogFormat (UnityEngine.LogType,UnityEngine.Object,string,object[])
UnityEngine.Logger:Log (UnityEngine.LogType,object)
UnityEngine.Debug:LogError (object)
dotBunny.Unity.VSCode:PrintNotFound (string) (at Assets/VSCode/Plugins/Editor/VSCode.cs:737)
dotBunny.Unity.VSCode:AutodetectCodePath () (at Assets/VSCode/Plugins/Editor/VSCode.cs:405)
dotBunny.Unity.VSCode:get_CodePath () (at Assets/VSCode/Plugins/Editor/VSCode.cs:51)
dotBunny.Unity.VSCode:UpdateUnityPreferences (bool) (at Assets/VSCode/Plugins/Editor/VSCode.cs:1109)
dotBunny.Unity.VSCode:.cctor () (at Assets/VSCode/Plugins/Editor/VSCode.cs:288)
System.Runtime.CompilerServices.RuntimeHelpers:RunClassConstructor (System.RuntimeTypeHandle)
UnityEditor.EditorAssemblies:ProcessInitializeOnLoadAttributes (System.Type[])

(Filename: Assets/VSCode/Plugins/Editor/VSCode.cs Line: 737)

[VSCode] Code executable in 'C:\Program Files (x86)\Microsoft VS Code\bin\code.cmd' not found. Check yourVisual Studio Code installation and insert the correct path in the Preferences menu.
UnityEngine.StackTraceUtility:ExtractStackTrace ()
UnityEngine.DebugLogHandler:LogFormat (UnityEngine.LogType,UnityEngine.Object,string,object[])
UnityEngine.Logger:Log (UnityEngine.LogType,object)
UnityEngine.Debug:LogError (object)
dotBunny.Unity.VSCode:PrintNotFound (string) (at Assets/VSCode/Plugins/Editor/VSCode.cs:737)
dotBunny.Unity.VSCode:AutodetectCodePath () (at Assets/VSCode/Plugins/Editor/VSCode.cs:405)
dotBunny.Unity.VSCode:get_CodePath () (at Assets/VSCode/Plugins/Editor/VSCode.cs:51)
dotBunny.Unity.VSCode:UpdateUnityPreferences (bool) (at Assets/VSCode/Plugins/Editor/VSCode.cs:1118)
dotBunny.Unity.VSCode:.cctor () (at Assets/VSCode/Plugins/Editor/VSCode.cs:288)
System.Runtime.CompilerServices.RuntimeHelpers:RunClassConstructor (System.RuntimeTypeHandle)
UnityEditor.EditorAssemblies:ProcessInitializeOnLoadAttributes (System.Type[])

(Filename: Assets/VSCode/Plugins/Editor/VSCode.cs Line: 737)

Mono: successfully reloaded assembly
- Completed reload, in  2.026 seconds
Domain Reload Profiling:
	ReloadAssembly (2028ms)
		BeginReloadAssembly (217ms)
			ExecutionOrderSort (0ms)
			DisableScriptedObjects (7ms)
			BackupInstance (0ms)
			ReleaseScriptingObjects (0ms)
			CreateAndSetChildDomain (27ms)
		EndReloadAssembly (1722ms)
			LoadAssemblies (137ms)
			RebuildTransferFunctionScriptingTraits (0ms)
			SetupTypeCache (503ms)
			ReleaseScriptCaches (1ms)
			RebuildScriptCaches (80ms)
			SetupLoadedEditorAssemblies (789ms)
				LogAssemblyErrors (0ms)
				InitializePlatformSupportModulesInManaged (6ms)
				SetLoadedEditorAssemblies (0ms)
				RefreshPlugins (72ms)
				BeforeProcessingInitializeOnLoad (118ms)
				ProcessInitializeOnLoadAttributes (565ms)
				ProcessInitializeOnLoadMethodAttributes (22ms)
				AfterProcessingInitializeOnLoad (6ms)
				EditorAssembliesLoaded (0ms)
			ExecutionOrderSort2 (0ms)
			AwakeInstancesAfterBackupRestoration (16ms)
Platform modules already initialized, skipping
========================================================================
Worker process is ready to serve import requests
Launched and connected shader compiler UnityShaderCompiler.exe after 0.20 seconds
Refreshing native plugins compatible for Editor in 0.60 ms, found 3 plugins.
Preloading 0 native plugins for Editor in 0.00 ms.
Unloading 2092 Unused Serialized files (Serialized files now loaded: 0)
System memory in use before: 93.3 MB.
System memory in use after: 93.4 MB.

Unloading 28 unused Assets to reduce memory usage. Loaded Objects now: 2529.
Total: 4.783700 ms (FindLiveObjects: 0.363500 ms CreateObjectMapping: 0.116300 ms MarkObjects: 4.161700 ms  DeleteObjects: 0.139600 ms)

AssetImportParameters requested are different than current active one (requested -> active):
  custom:framework-win-MediaFoundation: 216162199b28c13a410421893ffa2e32 -> 
  custom:video-decoder-ogg-theora: a1e56fd34408186e4bbccfd4996cb3dc -> 
  custom:container-muxer-webm: aa71ff27fc2769a1b78a27578f13a17b -> 
  custom:container-demuxer-webm: 4f35f7cbe854078d1ac9338744f61a02 -> 
  custom:container-demuxer-ogg: 62fdf1f143b41e24485cea50d1cbac27 -> 
  custom:video-encoder-webm-vp8: eb34c28f22e8b96e1ab97ce403110664 -> 
  custom:video-decoder-webm-vp8: 9c59270c3fd7afecdb556c50c9e8de78 -> 
  custom:audio-decoder-ogg-vorbis: bf7c407c2cedff20999df2af8eb42d56 -> 
  custom:audio-encoder-webm-vorbis: bf7c407c2cedff20999df2af8eb42d56 -> 
========================================================================
Received Import Request.
  path: Assets/Prefabs
  artifactKey: Guid(cb92f472195f28740871d1cae4e2f9e1) Importer(815301076,1909f56bfc062723c751e8b465ee728b)
Start importing Assets/Prefabs using Guid(cb92f472195f28740871d1cae4e2f9e1) Importer(815301076,1909f56bfc062723c751e8b465ee728b)  -> (artifact id: '19db9e3a40066cbc08fd0b4f4bf51001') in 0.045971 seconds 
  Import took 0.070064 seconds .

========================================================================
Received Import Request.
  Time since last request: 16.752863 seconds.
  path: Assets
  artifactKey: Guid(00000000000000001000000000000000) Importer(815301076,1909f56bfc062723c751e8b465ee728b)
Start importing Assets using Guid(00000000000000001000000000000000) Importer(815301076,1909f56bfc062723c751e8b465ee728b)  -> (artifact id: '42d402b061de3733987d63b9cc3b64de') in 0.017545 seconds 
  Import took 0.053994 seconds .

========================================================================
Received Import Request.
  Time since last request: 4.528364 seconds.
  path: Assets/Resources
  artifactKey: Guid(1c73bddec430d6b4ea959e2213423d09) Importer(815301076,1909f56bfc062723c751e8b465ee728b)
Start importing Assets/Resources using Guid(1c73bddec430d6b4ea959e2213423d09) Importer(815301076,1909f56bfc062723c751e8b465ee728b)  -> (artifact id: '30aee4c0b48524cbd8c720338550337a') in 0.018291 seconds 
  Import took 0.085155 seconds .

========================================================================
Received Import Request.
  Time since last request: 18.772369 seconds.
  path: Assets/Scripts
  artifactKey: Guid(30fe1f59a9923bd4ea3ac7a0c4eda0ce) Importer(815301076,1909f56bfc062723c751e8b465ee728b)
Start importing Assets/Scripts using Guid(30fe1f59a9923bd4ea3ac7a0c4eda0ce) Importer(815301076,1909f56bfc062723c751e8b465ee728b)  -> (artifact id: 'afa285bf10321bbd7d025416dea31750') in 0.019242 seconds 
  Import took 0.027209 seconds .

========================================================================
Received Import Request.
  Time since last request: 14.259668 seconds.
  path: Assets/Sprites
  artifactKey: Guid(24928b9040d8f7b418946c24e9db0fd6) Importer(815301076,1909f56bfc062723c751e8b465ee728b)
Start importing Assets/Sprites using Guid(24928b9040d8f7b418946c24e9db0fd6) Importer(815301076,1909f56bfc062723c751e8b465ee728b)  -> (artifact id: '2fb4ce76b6e3ca529b9b5fe12e5f3385') in 0.018326 seconds 
  Import took 0.026919 seconds .

========================================================================
Received Import Request.
  Time since last request: 33.114410 seconds.
  path: Assets/Scenes
  artifactKey: Guid(07ad252cac091774380bab1e3e524925) Importer(815301076,1909f56bfc062723c751e8b465ee728b)
Start importing Assets/Scenes using Guid(07ad252cac091774380bab1e3e524925) Importer(815301076,1909f56bfc062723c751e8b465ee728b)  -> (artifact id: '3e80ee2d2e7e1ae4da1241d427b1a42b') in 0.019371 seconds 
  Import took 0.026109 seconds .

========================================================================
Received Import Request.
  Time since last request: 0.961225 seconds.
  path: Assets/Scenes/SampleScene.unity
  artifactKey: Guid(2cda990e2423bbf4892e6590ba056729) Importer(815301076,1909f56bfc062723c751e8b465ee728b)
Start importing Assets/Scenes/SampleScene.unity using Guid(2cda990e2423bbf4892e6590ba056729) Importer(815301076,1909f56bfc062723c751e8b465ee728b)  -> (artifact id: 'aa27944bdea339c97c39027c7eea529c') in 0.167614 seconds 
  Import took 0.195730 seconds .

========================================================================
Received Import Request.
  Time since last request: 20.931626 seconds.
  path: Assets/Scenes/Home.unity
  artifactKey: Guid(2cda990e2423bbf4892e6590ba056729) Importer(815301076,1909f56bfc062723c751e8b465ee728b)
Start importing Assets/Scenes/Home.unity using Guid(2cda990e2423bbf4892e6590ba056729) Importer(815301076,1909f56bfc062723c751e8b465ee728b)  -> (artifact id: '80fd8bfe1970e99bd547b92034b34145') in 0.036933 seconds 
  Import took 0.045893 seconds .

AssetImportWorkerClient::OnTransportError - code=2 error=End of file
